Sun, 22 Jul 2018 21:32:23 INFO =================start handle111===================
Sun, 22 Jul 2018 21:32:23 DEBUG {"code":"061Oryxs1RlsKn0K0tvs1pmJxs1Oryxv","formId":"cedb371839c6687de96f28f84e864cfc"}
Sun, 22 Jul 2018 21:32:23 DEBUG 061Oryxs1RlsKn0K0tvs1pmJxs1Oryxv
Sun, 22 Jul 2018 21:32:23 INFO Starting new HTTPS connection (1): api.weixin.qq.com
Sun, 22 Jul 2018 21:32:23 DEBUG "GET /sns/jscode2session?appid=wx3367d21c68cea6a0&secret=6b53aedd3052e2651cff4d006d26e1ef&js_code=061Oryxs1RlsKn0K0tvs1pmJxs1Oryxv&grant_type=authorization_code HTTP/1.1" 200 82
Sun, 22 Jul 2018 21:32:23 DEBUG {"session_key":"4v8avIgQVkWM8Kmf2WsMAQ==","openid":"oQ0v64nsuD2OGThozxl1Agw4lij8"}
Sun, 22 Jul 2018 21:32:23 DEBUG oQ0v64nsuD2OGThozxl1Agw4lij8
Sun, 22 Jul 2018 21:32:24 INFO Starting new HTTPS connection (1): api.weixin.qq.com
Sun, 22 Jul 2018 21:32:24 DEBUG "GET /cgi-bin/token?secret=6b53aedd3052e2651cff4d006d26e1ef&grant_type=client_credential&appid=wx3367d21c68cea6a0 HTTP/1.1" 200 194
Sun, 22 Jul 2018 21:32:24 INFO Starting new HTTPS connection (1): api.weixin.qq.com
Sun, 22 Jul 2018 21:32:24 DEBUG "POST /cgi-bin/message/wxopen/template/send?access_token=11__TUKUEUfoJr_auau6F2PtzcURWN63pk2LziwVGYAdIKC4Fmk1clo9GDR9RclpXhTXU8GxdrrWXfZvKXTwu2MDHWlWexqvhkZaNQ__u6iQ_uX68uPlUPdkHmmP585PEh9J_OpaD1Ytgv3sChlQQBdAAAFFQ HTTP/1.1" 200 27
Sun, 22 Jul 2018 21:32:24 INFO =================start handle111===================
Sun, 22 Jul 2018 21:32:24 DEBUG {"code":"0716NQ6m12lxAj0q4J5m1r017m16NQ6X","formId":"49c117335798f6e5910bf15a4b6dcc25"}
Sun, 22 Jul 2018 21:32:24 DEBUG 0716NQ6m12lxAj0q4J5m1r017m16NQ6X
Sun, 22 Jul 2018 21:32:24 INFO Starting new HTTPS connection (1): api.weixin.qq.com
Sun, 22 Jul 2018 21:32:24 DEBUG "GET /sns/jscode2session?appid=wx3367d21c68cea6a0&secret=6b53aedd3052e2651cff4d006d26e1ef&js_code=0716NQ6m12lxAj0q4J5m1r017m16NQ6X&grant_type=authorization_code HTTP/1.1" 200 82
Sun, 22 Jul 2018 21:32:24 DEBUG {"session_key":"4v8avIgQVkWM8Kmf2WsMAQ==","openid":"oQ0v64nsuD2OGThozxl1Agw4lij8"}
Sun, 22 Jul 2018 21:32:24 DEBUG oQ0v64nsuD2OGThozxl1Agw4lij8
Sun, 22 Jul 2018 21:32:24 INFO Starting new HTTPS connection (1): api.weixin.qq.com
Sun, 22 Jul 2018 21:32:25 DEBUG "GET /cgi-bin/token?secret=6b53aedd3052e2651cff4d006d26e1ef&grant_type=client_credential&appid=wx3367d21c68cea6a0 HTTP/1.1" 200 194
Sun, 22 Jul 2018 21:32:25 INFO Starting new HTTPS connection (1): api.weixin.qq.com
Sun, 22 Jul 2018 21:32:25 DEBUG "POST /cgi-bin/message/wxopen/template/send?access_token=11_CqfNDSwJ2XxKv8jo6F2PtzcURWN63pk2LziwVGYAdIKC4Fmk1clo9GDR9Rc4sQfeDy1l22xGFCEBdWwCMioikDy4RPD5Btpqv3hOR0-7r4uBdHvyNrFImCHJJSi_cW3vLQH0y5w9uIloKFgPQWTdAAAAGD HTTP/1.1" 200 27
Sun, 22 Jul 2018 21:32:25 INFO =================start handle111===================
Sun, 22 Jul 2018 21:32:25 DEBUG {"code":"011EXium0D0Pqk1y5qum0gWGum0EXiuS","formId":"7f281c0f504a5e02bae2fa64142c2681"}
Sun, 22 Jul 2018 21:32:25 DEBUG 011EXium0D0Pqk1y5qum0gWGum0EXiuS
Sun, 22 Jul 2018 21:32:25 INFO Starting new HTTPS connection (1): api.weixin.qq.com
Sun, 22 Jul 2018 21:32:25 DEBUG "GET /sns/jscode2session?appid=wx3367d21c68cea6a0&secret=6b53aedd3052e2651cff4d006d26e1ef&js_code=011EXium0D0Pqk1y5qum0gWGum0EXiuS&grant_type=authorization_code HTTP/1.1" 200 82
Sun, 22 Jul 2018 21:32:25 DEBUG {"session_key":"4v8avIgQVkWM8Kmf2WsMAQ==","openid":"oQ0v64nsuD2OGThozxl1Agw4lij8"}
Sun, 22 Jul 2018 21:32:25 DEBUG oQ0v64nsuD2OGThozxl1Agw4lij8
Sun, 22 Jul 2018 21:32:25 INFO Starting new HTTPS connection (1): api.weixin.qq.com
Sun, 22 Jul 2018 21:32:26 DEBUG "GET /cgi-bin/token?secret=6b53aedd3052e2651cff4d006d26e1ef&grant_type=client_credential&appid=wx3367d21c68cea6a0 HTTP/1.1" 200 194
Sun, 22 Jul 2018 21:32:26 INFO Starting new HTTPS connection (1): api.weixin.qq.com
Sun, 22 Jul 2018 21:32:26 DEBUG "POST /cgi-bin/message/wxopen/template/send?access_token=11_KQtW_EML8IPdU47S6F2PtzcURWN63pk2LziwVGYAdIKC4Fmk1clo9GDR9RelN3VYDyihX5ZtK98P3Bzm_J0JHHo8tTL85klUG2n5PwQTsI3tCBwLXtSdi3sj39DvkDw5_KXxKHII69mely4kQUFdAAAWAL HTTP/1.1" 200 27
Mon, 23 Jul 2018 09:12:44 INFO =================start handle111===================
Mon, 23 Jul 2018 09:12:44 DEBUG {"code":"011iCSP629gdUJ0XVLO62Q6CP62iCSPT","formId":"83503b6b81ca58074862f3f08d70034b"}
Mon, 23 Jul 2018 09:12:44 DEBUG 011iCSP629gdUJ0XVLO62Q6CP62iCSPT
Mon, 23 Jul 2018 09:12:44 INFO Starting new HTTPS connection (1): api.weixin.qq.com
Mon, 23 Jul 2018 09:12:44 DEBUG "GET /sns/jscode2session?appid=wx3367d21c68cea6a0&secret=6b53aedd3052e2651cff4d006d26e1ef&js_code=011iCSP629gdUJ0XVLO62Q6CP62iCSPT&grant_type=authorization_code HTTP/1.1" 200 82
Mon, 23 Jul 2018 09:12:44 DEBUG {"session_key":"OAAbOa82IlXeccCvjYiVNw==","openid":"oQ0v64vzlbchdemZH1-VhL5bN0V8"}
Mon, 23 Jul 2018 09:12:44 DEBUG oQ0v64vzlbchdemZH1-VhL5bN0V8
Mon, 23 Jul 2018 09:12:44 INFO Starting new HTTPS connection (1): api.weixin.qq.com
Mon, 23 Jul 2018 09:12:44 DEBUG "GET /cgi-bin/token?secret=6b53aedd3052e2651cff4d006d26e1ef&grant_type=client_credential&appid=wx3367d21c68cea6a0 HTTP/1.1" 200 194
Mon, 23 Jul 2018 09:12:44 INFO Starting new HTTPS connection (1): api.weixin.qq.com
Mon, 23 Jul 2018 09:12:45 DEBUG "POST /cgi-bin/message/wxopen/template/send?access_token=11_LjszvRxr6sQXoDU5f88lvK6xfpLmHvuz9GYB5F5rto1EceUckQNAThYTvazHYwD003cI5_RdOcEpyJ8SRg7PAlKs3GWeAvR5csgkYu8rLAyTYgv-Ed-eHcxZEHmylnQAWq0hd93mjsvOSWGvVUJaAAAPOD HTTP/1.1" 200 27
Mon, 23 Jul 2018 12:48:19 INFO =================start handle111===================
Mon, 23 Jul 2018 12:48:19 DEBUG {"code":"001wPC0O188wN31hhe2O1OLP0O1wPC03","formId":"c41406490a2833888cc46d9027682fad"}
Mon, 23 Jul 2018 12:48:19 DEBUG 001wPC0O188wN31hhe2O1OLP0O1wPC03
Mon, 23 Jul 2018 12:48:19 INFO Starting new HTTPS connection (1): api.weixin.qq.com
Mon, 23 Jul 2018 12:48:19 DEBUG "GET /sns/jscode2session?appid=wx3367d21c68cea6a0&secret=6b53aedd3052e2651cff4d006d26e1ef&js_code=001wPC0O188wN31hhe2O1OLP0O1wPC03&grant_type=authorization_code HTTP/1.1" 200 83
Mon, 23 Jul 2018 12:48:19 DEBUG {"session_key":"\/I6vJKYdqwFaDgKL9GOOEA==","openid":"oQ0v64r3p3LeNQ3m--qJ6r3D_6IE"}
Mon, 23 Jul 2018 12:48:19 DEBUG oQ0v64r3p3LeNQ3m--qJ6r3D_6IE
Mon, 23 Jul 2018 12:48:19 INFO Starting new HTTPS connection (1): api.weixin.qq.com
Mon, 23 Jul 2018 12:48:20 DEBUG "GET /cgi-bin/token?secret=6b53aedd3052e2651cff4d006d26e1ef&grant_type=client_credential&appid=wx3367d21c68cea6a0 HTTP/1.1" 200 194
Mon, 23 Jul 2018 12:48:20 INFO Starting new HTTPS connection (1): api.weixin.qq.com
Mon, 23 Jul 2018 12:48:20 DEBUG "POST /cgi-bin/message/wxopen/template/send?access_token=11_Zzk4nIIUa80L0NAvy6aKwg5F_Nw1m4dTp8tXZDdx8AQ5OJTXcKSFhCx7ZVj6Acgca8z_TyhTGcq015KpkwJTp6YbQd6btDDxNyXUQjpzKlHs_1FvQ_9N7f9jXG7nVk2-9XCnKkfYNVbaLXiJKPVcAAAAFL HTTP/1.1" 200 27
UG "POST /cgi-bin/message/wxopen/template/send?access_token=11_tZFBEx1N4WLFA4_PyHS9ErzBD1NUCrD4c9YeDkXittJqyADBk-nD7XTw6nmlrhkROx8EGhuKGhDuUvy1LUwcLpRs14bcNSRY05xaqtxg2fAiA-jocxvNqa1Gwknkzwck3zid_zkBCfSYxxTKATViAIAOHJ HTTP/1.1" 200 27
Mon, 23 Jul 2018 12:35:20 INFO =================start handle111===================
Mon, 23 Jul 2018 12:35:20 DEBUG {"code":"071wma5Q0a3KAa2LWh3Q0cQV4Q0wma5-"}
Mon, 23 Jul 2018 12:35:20 DEBUG 071wma5Q0a3KAa2LWh3Q0cQV4Q0wma5-
Mon, 23 Jul 2018 12:35:20 INFO Starting new HTTPS connection (1): api.weixin.qq.com
Mon, 23 Jul 2018 12:35:21 DEBUG "GET /sns/jscode2session?appid=wx3367d21c68cea6a0&secret=6b53aedd3052e2651cff4d006d26e1ef&js_code=071wma5Q0a3KAa2LWh3Q0cQV4Q0wma5-&grant_type=authorization_code HTTP/1.1" 200 83
Mon, 23 Jul 2018 12:35:21 DEBUG {"session_key":"7s6QQ4nCquYz+GlSf6\/AsA==","openid":"oQ0v64vzlbchdemZH1-VhL5bN0V8"}
Mon, 23 Jul 2018 12:35:21 DEBUG oQ0v64vzlbchdemZH1-VhL5bN0V8
Mon, 23 Jul 2018 12:35:21 ERROR Exception on /code [POST]
Traceback (most recent call last):
  File "/usr/lib/python2.7/site-packages/flask/app.py", line 2292, in wsgi_app
    response = self.full_dispatch_request()
  File "/usr/lib/python2.7/site-packages/flask/app.py", line 1815, in full_dispatch_request
    rv = self.handle_user_exception(e)
  File "/usr/lib/python2.7/site-packages/flask/app.py", line 1718, in handle_user_exception
    reraise(exc_type, exc_value, tb)
  File "/usr/lib/python2.7/site-packages/flask/app.py", line 1813, in full_dispatch_request
    rv = self.dispatch_request()
  File "/usr/lib/python2.7/site-packages/flask/app.py", line 1799, in dispatch_request
    return self.view_functions[rule.endpoint](**req.view_args)
  File "/root/jys/hello.py", line 29, in setcode
    wxRetTmp =sendTip(dic_wxRet['openid'],res['formId'])
KeyError: 'formId'
Mon, 23 Jul 2018 12:35:21 INFO =================start handle111===================
Mon, 23 Jul 2018 12:35:21 DEBUG {"code":"081h2X9y14aK2i0GlXcy1pL9ay1h2X9r","formId":"c9e03309ea5852fd25d9f6e7e8920b7f"}
Mon, 23 Jul 2018 12:35:21 DEBUG 081h2X9y14aK2i0GlXcy1pL9ay1h2X9r
Mon, 23 Jul 2018 12:35:21 INFO Starting new HTTPS connection (1): api.weixin.qq.com
Mon, 23 Jul 2018 12:35:22 DEBUG "GET /sns/jscode2session?appid=wx3367d21c68cea6a0&secret=6b53aedd3052e2651cff4d006d26e1ef&js_code=081h2X9y14aK2i0GlXcy1pL9ay1h2X9r&grant_type=authorization_code HTTP/1.1" 200 83
Mon, 23 Jul 2018 12:35:22 DEBUG {"session_key":"7s6QQ4nCquYz+GlSf6\/AsA==","openid":"oQ0v64vzlbchdemZH1-VhL5bN0V8"}
Mon, 23 Jul 2018 12:35:22 DEBUG oQ0v64vzlbchdemZH1-VhL5bN0V8
Mon, 23 Jul 2018 12:35:22 INFO Starting new HTTPS connection (1): api.weixin.qq.com
Mon, 23 Jul 2018 12:35:22 DEBUG "GET /cgi-bin/token?secret=6b53aedd3052e2651cff4d006d26e1ef&grant_type=client_credential&appid=wx3367d21c68cea6a0 HTTP/1.1" 200 194
Mon, 23 Jul 2018 12:35:22 INFO Starting new HTTPS connection (1): api.weixin.qq.com
Mon, 23 Jul 2018 12:35:22 DEBUG "POST /cgi-bin/message/wxopen/template/send?access_token=11_H6qjSLn-yRUn-1-DO8idtcX2ZWQLq1TuJt8lM-4iwnIMAznLtLGx5XktSi8j7xviqRbliOpn7DfJiEhtKpUbVP6xHTI1purVvF3x38M6dSqg9Ql_xGKRklt9g6ffIQrX-202yZaFUq0e6bzGMEEbAHAEWW HTTP/1.1" 200 27
Mon, 23 Jul 2018 12:48:09 INFO =================start handle111===================
Mon, 23 Jul 2018 12:48:09 DEBUG {"code":"0217KkCD0hnMae2B5oCD0BWmCD07KkCn"}
Mon, 23 Jul 2018 12:48:09 DEBUG 0217KkCD0hnMae2B5oCD0BWmCD07KkCn
Mon, 23 Jul 2018 12:48:09 INFO Starting new HTTPS connection (1): api.weixin.qq.com
Mon, 23 Jul 2018 12:48:09 DEBUG "GET /sns/jscode2session?appid=wx3367d21c68cea6a0&secret=6b53aedd3052e2651cff4d006d26e1ef&js_code=0217KkCD0hnMae2B5oCD0BWmCD07KkCn&grant_type=authorization_code HTTP/1.1" 200 83
Mon, 23 Jul 2018 12:48:09 DEBUG {"session_key":"\/I6vJKYdqwFaDgKL9GOOEA==","openid":"oQ0v64r3p3LeNQ3m--qJ6r3D_6IE"}
Mon, 23 Jul 2018 12:48:09 DEBUG oQ0v64r3p3LeNQ3m--qJ6r3D_6IE
Mon, 23 Jul 2018 12:48:09 ERROR Exception on /code [POST]
Traceback (most recent call last):
  File "/usr/lib/python2.7/site-packages/flask/app.py", line 2292, in wsgi_app
    response = self.full_dispatch_request()
  File "/usr/lib/python2.7/site-packages/flask/app.py", line 1815, in full_dispatch_request
    rv = self.handle_user_exception(e)
  File "/usr/lib/python2.7/site-packages/flask/app.py", line 1718, in handle_user_exception
    reraise(exc_type, exc_value, tb)
  File "/usr/lib/python2.7/site-packages/flask/app.py", line 1813, in full_dispatch_request
    rv = self.dispatch_request()
  File "/usr/lib/python2.7/site-packages/flask/app.py", line 1799, in dispatch_request
    return self.view_functions[rule.endpoint](**req.view_args)
  File "/root/jys/hello.py", line 29, in setcode
    wxRetTmp =sendTip(dic_wxRet['openid'],res['formId'])
KeyError: 'formId'
